[handleMsg]:  {
  key: {
    remoteJid: '573177153157@s.whatsapp.net',
    fromMe: false,
    id: '3EB063B5D9EF9F06BCA263',
    participant: undefined
  },
  messageTimestamp: 1712703004,
  pushName: 'Christian Calvache',
  broadcast: false,
  message: Message {
    extendedTextMessage: ExtendedTextMessage {
      text: 'hola',
      contextInfo: [ContextInfo],
      inviteLinkGroupTypeV2: 0
    },
    messageContextInfo: MessageContextInfo {
      deviceListMetadata: [DeviceListMetadata],
      deviceListMetadataVersion: 2
    }
  },
  body: 'hola',
  from: '573177153157'
}
[QUEUE_SE_ENVIO]:  {
  ref: 'ans_294bdbc5-b319-47a9-9a9f-d0c25c114cb4',
  keyword: 'key_8adcd082-5196-415a-ac1b-2d523ced5743',
  answer: '¡Hola! 😊 ¡Bienvenido a TicketYa ⭐! Estamos aquí para ayudarte en todo lo que necesites',
  options: {
    media: null,
    buttons: [],
    capture: false,
    child: null,
    delay: 0,
    idle: null,
    ref: null,
    nested: [],
    keyword: {},
    callback: false
  },
  refSerialize: 'd1c17ed726bd0fbe4ddaac09dd1e7d7c'
}
[QUEUE_SE_ENVIO]:  {
  ref: 'ans_67fa2299-0453-4362-a7f0-ce0eae3d423d',
  keyword: 'ans_294bdbc5-b319-47a9-9a9f-d0c25c114cb4',
  answer: '¡Tu satisfacción es nuestra prioridad,si el producto no cumple con tus expectativas te devolvemos tu dinero!',
  options: {
    media: null,
    buttons: [],
    capture: false,
    child: null,
    delay: 0,
    idle: null,
    ref: null,
    nested: [],
    keyword: {},
    callback: false
  },
  refSerialize: '4c9151fa890246f13ed4c000e0f3f34c'
}
[QUEUE_SE_ENVIO]:  {
  ref: 'ans_6b518162-0019-4331-a14e-55c953eab7f1',
  keyword: 'ans_67fa2299-0453-4362-a7f0-ce0eae3d423d',
  answer: 'Por favor selecciona una opción (1, 2, o 3).',
  options: {
    media: null,
    buttons: [],
    capture: false,
    child: null,
    delay: 0,
    idle: null,
    ref: null,
    nested: [],
    keyword: {},
    callback: false
  },
  refSerialize: '654cffdff71feda4dbf2569d6887789e'
}
[QUEUE_SE_ENVIO]:  {
  ref: 'ans_c0f79384-c44f-4789-acb9-0c2ed02b86d1',
  keyword: 'ans_6b518162-0019-4331-a14e-55c953eab7f1',
  answer: '1. 🛍️ *Ver Productos Disponibles*\n' +
    '2. 🚚 *Envíos y Devoluciones*\n' +
    '3. 💬 *Hablar con un Asesor*',
  options: {
    media: null,
    buttons: [],
    capture: false,
    child: null,
    delay: 0,
    idle: null,
    ref: null,
    nested: [],
    keyword: {},
    callback: false
  },
  refSerialize: 'fecfd6e6e2ff8882ae2ceb4a9a9829c3'
}
[QUEUE_SE_ENVIO]:  {
  ref: 'ans_68c697cf-6171-44f5-8ec4-d49e7e1d38bd',
  keyword: 'ans_c0f79384-c44f-4789-acb9-0c2ed02b86d1',
  answer: 'Estamos aqui para ayudarte',
  options: {
    media: null,
    buttons: [],
    capture: true,
    child: null,
    delay: 0,
    idle: null,
    ref: null,
    nested: [
      [Object], [Object],
      [Object], [Object],
      [Object], [Object],
      [Object], [Object],
      [Object], [Object],
      [Object], [Object]
    ],
    keyword: {},
    callback: true
  },
  refSerialize: '8f197234dd600c27544d7c717c6a58fe'
}
[handleMsg]:  {
  key: {
    remoteJid: '573177153157@s.whatsapp.net',
    fromMe: false,
    id: '3EB0F7879BF959CE89A3F1',
    participant: undefined
  },
  messageTimestamp: 1712703008,
  pushName: 'Christian Calvache',
  broadcast: false,
  message: Message {
    extendedTextMessage: ExtendedTextMessage {
      text: '2',
      contextInfo: [ContextInfo],
      inviteLinkGroupTypeV2: 0
    },
    messageContextInfo: MessageContextInfo {
      deviceListMetadata: [DeviceListMetadata],
      deviceListMetadataVersion: 2
    }
  },
  body: '2',
  from: '573177153157'
}
[QUEUE_SE_ENVIO]:  {
  ref: 'ans_7d86c7fe-3f77-4602-a18d-964f50e5959b',
  keyword: 'key_01d75269-9077-405d-b90d-a9de7e8b65ee',
  answer: '¡En Ticketya, nos esforzamos por ofrecerte una experiencia de compra sin problemas!',
  options: {
    media: null,
    buttons: [],
    capture: false,
    child: null,
    delay: 0,
    idle: null,
    ref: null,
    nested: [],
    keyword: {},
    callback: false
  },
  refSerialize: 'ba0459cdf22ce680bff7a17adf420a0b'
}
[QUEUE_SE_ENVIO]:  {
  ref: 'ans_6e65751a-82ad-45e4-8d08-512b70987925',
  keyword: 'ans_7d86c7fe-3f77-4602-a18d-964f50e5959b',
  answer: 'Por favor selecciona una opción (1, 2, o 3)',
  options: {
    media: null,
    buttons: [],
    capture: false,
    child: null,
    delay: 0,
    idle: null,
    ref: null,
    nested: [],
    keyword: {},
    callback: false
  },
  refSerialize: '81338c4641403ba4fd3a826002ccff51'
}
[QUEUE_SE_ENVIO]:  {
  ref: 'ans_284cb887-58c2-4ab7-a230-8c12f226d544',
  keyword: 'ans_6e65751a-82ad-45e4-8d08-512b70987925',
  answer: '1. 🚚 *Estado del pedido*\n' +
    '2. 📦 *Garantias y Devoluciones*\n' +
    '3. 💬 *Hablar con un asesor*',
  options: {
    media: null,
    buttons: [],
    capture: false,
    child: null,
    delay: 0,
    idle: null,
    ref: null,
    nested: [
      [Object], [Object],
      [Object], [Object],
      [Object], [Object],
      [Object], [Object],
      [Object]
    ],
    keyword: {},
    callback: false
  },
  refSerialize: 'c61809469b6cbd37ce2757b496e32701'
}
[handleMsg]:  {
  key: {
    remoteJid: '573177153157@s.whatsapp.net',
    fromMe: false,
    id: '3EB00D220AA79227678910',
    participant: undefined
  },
  messageTimestamp: 1712703012,
  pushName: 'Christian Calvache',
  broadcast: false,
  message: Message {
    extendedTextMessage: ExtendedTextMessage {
      text: '2',
      contextInfo: [ContextInfo],
      inviteLinkGroupTypeV2: 0
    },
    messageContextInfo: MessageContextInfo {
      deviceListMetadata: [DeviceListMetadata],
      deviceListMetadataVersion: 2
    }
  },
  body: '2',
  from: '573177153157'
}
[QUEUE_SE_ENVIO]:  {
  ref: 'ans_619956a5-b9e6-4f8e-9808-44d6933b08ce',
  keyword: 'key_2fb2ed41-61f0-4274-acc3-775003ae6244',
  answer: '🕒Intentamos procesar tus garantías o devoluciones dentro de 3 días hábiles.',
  options: {
    media: null,
    buttons: [],
    capture: false,
    child: null,
    delay: 0,
    idle: null,
    ref: null,
    nested: [],
    keyword: {},
    callback: false
  },
  refSerialize: '3ed31436c3473769b3adeb56dfab6ffb'
}
[QUEUE_SE_ENVIO]:  {
  ref: 'ans_6584a110-ae80-43a1-aa32-fc42217df29c',
  keyword: 'ans_619956a5-b9e6-4f8e-9808-44d6933b08ce',
  answer: '1. 📮 *Producto defectuoso*\n' +
    '2. 📦 *Proceso de devolución*\n' +
    '3. 💬 *Hablar con un asesor*',
  options: {
    media: null,
    buttons: [],
    capture: false,
    child: null,
    delay: 0,
    idle: null,
    ref: null,
    nested: [
      [Object], [Object],
      [Object], [Object],
      [Object], [Object],
      [Object], [Object],
      [Object], [Object]
    ],
    keyword: {},
    callback: false
  },
  refSerialize: '1cf9138acef413da071a705f45e391f1'
}
[handleMsg]:  {
  key: {
    remoteJid: '573177153157@s.whatsapp.net',
    fromMe: false,
    id: '3EB00F1AC800B69FF20FE8',
    participant: undefined
  },
  messageTimestamp: 1712703015,
  pushName: 'Christian Calvache',
  broadcast: false,
  message: Message {
    extendedTextMessage: ExtendedTextMessage {
      text: '2',
      contextInfo: [ContextInfo],
      inviteLinkGroupTypeV2: 0
    },
    messageContextInfo: MessageContextInfo {
      deviceListMetadata: [DeviceListMetadata],
      deviceListMetadataVersion: 2
    }
  },
  body: '2',
  from: '573177153157'
}
[QUEUE_SE_ENVIO]:  {
  ref: 'ans_78895424-32fa-4e76-8c9b-26b5e1616e00',
  keyword: 'key_ceab9728-e959-4a87-b7fc-e1cb10ee3d22',
  answer: 'Para hacer una devolución, sigue estos pasos:',
  options: {
    media: null,
    buttons: [],
    capture: false,
    child: null,
    delay: 0,
    idle: null,
    ref: null,
    nested: [],
    keyword: {},
    callback: false
  },
  refSerialize: 'c46a7edc5ddf158c8c58c48f6b61fa7a'
}
[QUEUE_SE_ENVIO]:  {
  ref: 'ans_256475be-c592-4d85-91aa-0b279cd7c254',
  keyword: 'ans_78895424-32fa-4e76-8c9b-26b5e1616e00',
  answer: '⭕ Envíanos el número de guía de tu pedido junto con el número de cedúla.\n' +
    '⭕ Envía un video mostrando claramente el daño del producto.\n' +
    '⭕ Un asesor se pondra en contacto contigo.\n' +
    '⭕ Empaqueta el producto en su caja original con todos los accesorios.\n' +
    '⭕ Asegúrate de que el producto esté en buenas condiciones.\n' +
    '⭕ Si todo está en orden, te enviaremos un producto nuevo en 3 días hábiles.',
  options: {
    media: null,
    buttons: [],
    capture: false,
    child: null,
    delay: 0,
    idle: null,
    ref: null,
    nested: [],
    keyword: {},
    callback: false
  },
  refSerialize: '283e52e30b8fe433e5884eb8f4563bde'
}
