573177153157:ENCOLADO ans_5b2ec71f-ad04-4138-9a80-c199a987abed
EJECUTANDO:ans_5b2ec71f-ad04-4138-9a80-c199a987abed
573177153157:SUCCESS
573177153157:ENCOLADO ans_8d30cac8-97e6-4537-9939-f3b653b80ed9
EJECUTANDO:ans_8d30cac8-97e6-4537-9939-f3b653b80ed9
573177153157:SUCCESS
573177153157:ENCOLADO ans_6bcdced7-2177-450c-8629-0281db2d852d
EJECUTANDO:ans_6bcdced7-2177-450c-8629-0281db2d852d
573177153157:SUCCESS
573177153157:ENCOLADO ans_3c9fbb3b-ebda-4594-817c-0efea3b66982
EJECUTANDO:ans_3c9fbb3b-ebda-4594-817c-0efea3b66982
573177153157:SUCCESS
573177153157:ENCOLADO ans_8c2f6d0b-0503-42ba-8f51-d4cc2c79868e
EJECUTANDO:ans_8c2f6d0b-0503-42ba-8f51-d4cc2c79868e
573177153157:SUCCESS
573177153157:ENCOLADO ans_4f632cb1-d09a-4f9d-9a1a-5f5a7ec89e93
EJECUTANDO:ans_4f632cb1-d09a-4f9d-9a1a-5f5a7ec89e93
573177153157:SUCCESS
573177153157:ENCOLADO ans_70e531aa-4e00-46d1-82e2-722e660a4778
EJECUTANDO:ans_70e531aa-4e00-46d1-82e2-722e660a4778
573177153157:SUCCESS
573177153157:ENCOLADO ans_2a878f39-876b-46a3-a56c-19c9ac5734ac
EJECUTANDO:ans_2a878f39-876b-46a3-a56c-19c9ac5734ac
573177153157:SUCCESS
573177153157:ENCOLADO ans_a167e153-56ad-4f6a-9a67-f9de30ca6161
EJECUTANDO:ans_a167e153-56ad-4f6a-9a67-f9de30ca6161
573177153157:SUCCESS
573177153157:ENCOLADO ans_d3d5c9e6-4e6e-457b-88df-52b990b29eb7
EJECUTANDO:ans_d3d5c9e6-4e6e-457b-88df-52b990b29eb7
573177153157:SUCCESS
573177153157:ENCOLADO ans_5b2ec71f-ad04-4138-9a80-c199a987abed
EJECUTANDO:ans_5b2ec71f-ad04-4138-9a80-c199a987abed
573177153157:SUCCESS
573177153157:ENCOLADO ans_8d30cac8-97e6-4537-9939-f3b653b80ed9
EJECUTANDO:ans_8d30cac8-97e6-4537-9939-f3b653b80ed9
573177153157:SUCCESS
573177153157:ENCOLADO ans_6bcdced7-2177-450c-8629-0281db2d852d
EJECUTANDO:ans_6bcdced7-2177-450c-8629-0281db2d852d
573177153157:SUCCESS
573177153157:ENCOLADO ans_3c9fbb3b-ebda-4594-817c-0efea3b66982
EJECUTANDO:ans_3c9fbb3b-ebda-4594-817c-0efea3b66982
573177153157:SUCCESS
573177153157:ENCOLADO ans_b452bee2-f273-44bc-8c65-e889734834f6
EJECUTANDO:ans_b452bee2-f273-44bc-8c65-e889734834f6
573177153157:SUCCESS
573177153157:ENCOLADO ans_b3cf776f-e3c0-4aa8-92f4-74c86de25226
EJECUTANDO:ans_b3cf776f-e3c0-4aa8-92f4-74c86de25226
573177153157:SUCCESS
573177153157:ENCOLADO ans_f5025f2e-7eff-4327-9938-0de5b2cbcd5b
EJECUTANDO:ans_f5025f2e-7eff-4327-9938-0de5b2cbcd5b
573177153157:SUCCESS
573177153157:ENCOLADO ans_b8a6c8e0-1843-425d-a2ae-f5799a4e1d06
EJECUTANDO:ans_b8a6c8e0-1843-425d-a2ae-f5799a4e1d06
573177153157:SUCCESS
573177153157:ENCOLADO ans_f995a25e-4205-40bc-9076-26ed32ab76aa
EJECUTANDO:ans_f995a25e-4205-40bc-9076-26ed32ab76aa
573177153157:SUCCESS
573177153157:ENCOLADO ans_4d7367d7-6e5a-4a88-b666-637fd391ab48
EJECUTANDO:ans_4d7367d7-6e5a-4a88-b666-637fd391ab48
573177153157:SUCCESS
573177153157:ENCOLADO ans_206b31b4-88d0-407b-ba5c-4f515ad36353
EJECUTANDO:ans_206b31b4-88d0-407b-ba5c-4f515ad36353
573177153157:SUCCESS
573177153157:ENCOLADO ans_4e526ed1-b84f-4ce6-8dd9-c57aec8c67c1
EJECUTANDO:ans_4e526ed1-b84f-4ce6-8dd9-c57aec8c67c1
573177153157:SUCCESS
573177153157:ENCOLADO ans_721df012-8f13-429d-8a73-56676f7240a4
EJECUTANDO:ans_721df012-8f13-429d-8a73-56676f7240a4
573177153157:SUCCESS
573177153157:ENCOLADO ans_b349b40b-c8f5-461a-a96b-0024d90501a4
EJECUTANDO:ans_b349b40b-c8f5-461a-a96b-0024d90501a4
573177153157:SUCCESS
573177153157:ENCOLADO ans_a703f700-c94e-4385-aea7-0448e56edf06
EJECUTANDO:ans_a703f700-c94e-4385-aea7-0448e56edf06
573177153157:SUCCESS
573177153157:ENCOLADO ans_ca519058-ebbf-4c6e-a760-b85a378c7799
EJECUTANDO:ans_ca519058-ebbf-4c6e-a760-b85a378c7799
573177153157:SUCCESS
573177153157:ENCOLADO ans_53c1f301-90e7-4218-a7bb-01eaf75dff17
EJECUTANDO:ans_53c1f301-90e7-4218-a7bb-01eaf75dff17
573177153157:SUCCESS
573177153157:ENCOLADO ans_98f9177b-3670-4842-b412-434aed2009da
EJECUTANDO:ans_98f9177b-3670-4842-b412-434aed2009da
573177153157:SUCCESS
573177153157:ENCOLADO ans_67243488-dc3b-4cbb-96b8-8842520156e3
EJECUTANDO:ans_67243488-dc3b-4cbb-96b8-8842520156e3
573177153157:SUCCESS
